<?xml version="1.0" encoding="utf-8"?>
<coverage line-rate="0.7169" branch-rate="0.7058" version="1.9" timestamp="1769549092" lines-covered="76" lines-valid="106" branches-covered="24" branches-valid="34">
  <sources>
    <source>C:\Users\KiraStout\CodeKatas\csharp\kata_fizzbuzz\FizzBuzz\</source>
  </sources>
  <packages>
    <package name="FizzBuzz" line-rate="0.7169" branch-rate="0.7058" complexity="40">
      <classes>
        <class name="FizzBuzz.Validators.InputValidator" filename="Validators\InputValidator.cs" line-rate="1" branch-rate="1" complexity="14">
          <methods>
            <method name="Validate" signature="(System.String,System.Collections.Generic.List`1&lt;System.Int32&gt;&amp;)" line-rate="1" branch-rate="1" complexity="14">
              <lines>
                <line number="15" hits="15" branch="False" />
                <line number="16" hits="15" branch="False" />
                <line number="18" hits="15" branch="True" condition-coverage="100% (4/4)">
                  <conditions>
                    <condition number="9" type="jump" coverage="100%" />
                    <condition number="22" type="jump" coverage="100%" />
                  </conditions>
                </line>
                <line number="19" hits="3" branch="False" />
                <line number="20" hits="3" branch="False" />
                <line number="23" hits="12" branch="False" />
                <line number="25" hits="12" branch="True" condition-coverage="100% (2/2)">
                  <conditions>
                    <condition number="53" type="jump" coverage="100%" />
                  </conditions>
                </line>
                <line number="26" hits="4" branch="False" />
                <line number="27" hits="4" branch="False" />
                <line number="31" hits="8" branch="False" />
                <line number="32" hits="81" branch="True" condition-coverage="100% (2/2)">
                  <conditions>
                    <condition number="123" type="jump" coverage="100%" />
                  </conditions>
                </line>
                <line number="33" hits="30" branch="False" />
                <line number="34" hits="30" branch="False" />
                <line number="35" hits="30" branch="False" />
                <line number="36" hits="27" branch="False" />
                <line number="37" hits="27" branch="False" />
                <line number="38" hits="5" branch="False" />
                <line number="39" hits="3" branch="False" />
                <line number="40" hits="3" branch="False" />
                <line number="41" hits="3" branch="False" />
                <line number="44" hits="37" branch="True" condition-coverage="100% (2/2)">
                  <conditions>
                    <condition number="189" type="jump" coverage="100%" />
                  </conditions>
                </line>
                <line number="45" hits="13" branch="False" />
                <line number="46" hits="13" branch="True" condition-coverage="100% (4/4)">
                  <conditions>
                    <condition number="159" type="jump" coverage="100%" />
                    <condition number="174" type="jump" coverage="100%" />
                  </conditions>
                </line>
                <line number="47" hits="4" branch="False" />
                <line number="48" hits="4" branch="False" />
                <line number="50" hits="9" branch="False" />
                <line number="52" hits="1" branch="False" />
                <line number="53" hits="15" branch="False" />
              </lines>
            </method>
          </methods>
          <lines>
            <line number="15" hits="15" branch="False" />
            <line number="16" hits="15" branch="False" />
            <line number="18" hits="15" branch="True" condition-coverage="100% (4/4)">
              <conditions>
                <condition number="9" type="jump" coverage="100%" />
                <condition number="22" type="jump" coverage="100%" />
              </conditions>
            </line>
            <line number="19" hits="3" branch="False" />
            <line number="20" hits="3" branch="False" />
            <line number="23" hits="12" branch="False" />
            <line number="25" hits="12" branch="True" condition-coverage="100% (2/2)">
              <conditions>
                <condition number="53" type="jump" coverage="100%" />
              </conditions>
            </line>
            <line number="26" hits="4" branch="False" />
            <line number="27" hits="4" branch="False" />
            <line number="31" hits="8" branch="False" />
            <line number="32" hits="81" branch="True" condition-coverage="100% (2/2)">
              <conditions>
                <condition number="123" type="jump" coverage="100%" />
              </conditions>
            </line>
            <line number="33" hits="30" branch="False" />
            <line number="34" hits="30" branch="False" />
            <line number="35" hits="30" branch="False" />
            <line number="36" hits="27" branch="False" />
            <line number="37" hits="27" branch="False" />
            <line number="38" hits="5" branch="False" />
            <line number="39" hits="3" branch="False" />
            <line number="40" hits="3" branch="False" />
            <line number="41" hits="3" branch="False" />
            <line number="44" hits="37" branch="True" condition-coverage="100% (2/2)">
              <conditions>
                <condition number="189" type="jump" coverage="100%" />
              </conditions>
            </line>
            <line number="45" hits="13" branch="False" />
            <line number="46" hits="13" branch="True" condition-coverage="100% (4/4)">
              <conditions>
                <condition number="159" type="jump" coverage="100%" />
                <condition number="174" type="jump" coverage="100%" />
              </conditions>
            </line>
            <line number="47" hits="4" branch="False" />
            <line number="48" hits="4" branch="False" />
            <line number="50" hits="9" branch="False" />
            <line number="52" hits="1" branch="False" />
            <line number="53" hits="15" branch="False" />
          </lines>
        </class>
        <class name="FizzBuzz.Services.FizzBuzzConverterService" filename="Services\FizzBuzzConverterService.cs" line-rate="1" branch-rate="1" complexity="6">
          <methods>
            <method name="Convert" signature="(System.Int32)" line-rate="1" branch-rate="1" complexity="6">
              <lines>
                <line number="6" hits="10" branch="False" />
                <line number="7" hits="10" branch="False" />
                <line number="8" hits="10" branch="False" />
                <line number="11" hits="10" branch="True" condition-coverage="100% (2/2)">
                  <conditions>
                    <condition number="20" type="jump" coverage="100%" />
                  </conditions>
                </line>
                <line number="12" hits="2" branch="False" />
                <line number="13" hits="2" branch="False" />
                <line number="14" hits="2" branch="False" />
                <line number="15" hits="8" branch="True" condition-coverage="100% (2/2)">
                  <conditions>
                    <condition number="37" type="jump" coverage="100%" />
                  </conditions>
                </line>
                <line number="16" hits="3" branch="False" />
                <line number="17" hits="3" branch="False" />
                <line number="18" hits="3" branch="False" />
                <line number="19" hits="5" branch="True" condition-coverage="100% (2/2)">
                  <conditions>
                    <condition number="54" type="jump" coverage="100%" />
                  </conditions>
                </line>
                <line number="20" hits="3" branch="False" />
                <line number="21" hits="3" branch="False" />
                <line number="22" hits="3" branch="False" />
                <line number="24" hits="2" branch="False" />
                <line number="25" hits="2" branch="False" />
                <line number="26" hits="2" branch="False" />
                <line number="28" hits="10" branch="False" />
                <line number="29" hits="10" branch="False" />
              </lines>
            </method>
          </methods>
          <lines>
            <line number="6" hits="10" branch="False" />
            <line number="7" hits="10" branch="False" />
            <line number="8" hits="10" branch="False" />
            <line number="11" hits="10" branch="True" condition-coverage="100% (2/2)">
              <conditions>
                <condition number="20" type="jump" coverage="100%" />
              </conditions>
            </line>
            <line number="12" hits="2" branch="False" />
            <line number="13" hits="2" branch="False" />
            <line number="14" hits="2" branch="False" />
            <line number="15" hits="8" branch="True" condition-coverage="100% (2/2)">
              <conditions>
                <condition number="37" type="jump" coverage="100%" />
              </conditions>
            </line>
            <line number="16" hits="3" branch="False" />
            <line number="17" hits="3" branch="False" />
            <line number="18" hits="3" branch="False" />
            <line number="19" hits="5" branch="True" condition-coverage="100% (2/2)">
              <conditions>
                <condition number="54" type="jump" coverage="100%" />
              </conditions>
            </line>
            <line number="20" hits="3" branch="False" />
            <line number="21" hits="3" branch="False" />
            <line number="22" hits="3" branch="False" />
            <line number="24" hits="2" branch="False" />
            <line number="25" hits="2" branch="False" />
            <line number="26" hits="2" branch="False" />
            <line number="28" hits="10" branch="False" />
            <line number="29" hits="10" branch="False" />
          </lines>
        </class>
        <class name="FizzBuzz.Services.InputProcessorService" filename="Services\InputProcessorService.cs" line-rate="1" branch-rate="1" complexity="5">
          <methods>
            <method name="ProcessUserInput" signature="(System.String)" line-rate="1" branch-rate="1" complexity="4">
              <lines>
                <line number="19" hits="5" branch="False" />
                <line number="20" hits="5" branch="False" />
                <line number="21" hits="5" branch="False" />
                <line number="22" hits="5" branch="False" />
                <line number="24" hits="5" branch="True" condition-coverage="100% (2/2)">
                  <conditions>
                    <condition number="44" type="jump" coverage="100%" />
                  </conditions>
                </line>
                <line number="25" hits="1" branch="False" />
                <line number="26" hits="9" branch="True" condition-coverage="100% (2/2)">
                  <conditions>
                    <condition number="104" type="jump" coverage="100%" />
                  </conditions>
                </line>
                <line number="27" hits="3" branch="False" />
                <line number="28" hits="3" branch="False" />
                <line number="29" hits="3" branch="False" />
                <line number="30" hits="3" branch="False" />
                <line number="31" hits="1" branch="False" />
                <line number="33" hits="5" branch="False" />
                <line number="34" hits="5" branch="False" />
              </lines>
            </method>
            <method name=".ctor" signature="(FizzBuzz.Validators.InputValidator,FizzBuzz.Services.FizzBuzzConverterService)" line-rate="1" branch-rate="1" complexity="1">
              <lines>
                <line number="12" hits="5" branch="False" />
                <line number="13" hits="5" branch="False" />
                <line number="14" hits="5" branch="False" />
                <line number="15" hits="5" branch="False" />
                <line number="16" hits="5" branch="False" />
              </lines>
            </method>
          </methods>
          <lines>
            <line number="19" hits="5" branch="False" />
            <line number="20" hits="5" branch="False" />
            <line number="21" hits="5" branch="False" />
            <line number="22" hits="5" branch="False" />
            <line number="24" hits="5" branch="True" condition-coverage="100% (2/2)">
              <conditions>
                <condition number="44" type="jump" coverage="100%" />
              </conditions>
            </line>
            <line number="25" hits="1" branch="False" />
            <line number="26" hits="9" branch="True" condition-coverage="100% (2/2)">
              <conditions>
                <condition number="104" type="jump" coverage="100%" />
              </conditions>
            </line>
            <line number="27" hits="3" branch="False" />
            <line number="28" hits="3" branch="False" />
            <line number="29" hits="3" branch="False" />
            <line number="30" hits="3" branch="False" />
            <line number="31" hits="1" branch="False" />
            <line number="33" hits="5" branch="False" />
            <line number="34" hits="5" branch="False" />
            <line number="12" hits="5" branch="False" />
            <line number="13" hits="5" branch="False" />
            <line number="14" hits="5" branch="False" />
            <line number="15" hits="5" branch="False" />
            <line number="16" hits="5" branch="False" />
          </lines>
        </class>
        <class name="FizzBuzz.Program.FizzBuzzApp" filename="Program\FizzBuzz.cs" line-rate="0" branch-rate="0" complexity="4">
          <methods>
            <method name="Main" signature="(System.String[])" line-rate="0" branch-rate="0" complexity="4">
              <lines>
                <line number="10" hits="0" branch="False" />
                <line number="11" hits="0" branch="False" />
                <line number="12" hits="0" branch="False" />
                <line number="14" hits="0" branch="False" />
                <line number="15" hits="0" branch="False" />
                <line number="16" hits="0" branch="False" />
                <line number="18" hits="0" branch="False" />
                <line number="20" hits="0" branch="True" condition-coverage="0% (0/2)">
                  <conditions>
                    <condition number="58" type="jump" coverage="0%" />
                  </conditions>
                </line>
                <line number="21" hits="0" branch="False" />
                <line number="22" hits="0" branch="False" />
                <line number="23" hits="0" branch="True" condition-coverage="0% (0/2)">
                  <conditions>
                    <condition number="187" type="jump" coverage="0%" />
                  </conditions>
                </line>
                <line number="24" hits="0" branch="False" />
                <line number="25" hits="0" branch="False" />
                <line number="26" hits="0" branch="False" />
                <line number="27" hits="0" branch="False" />
                <line number="29" hits="0" branch="False" />
                <line number="30" hits="0" branch="False" />
                <line number="31" hits="0" branch="False" />
                <line number="32" hits="0" branch="False" />
              </lines>
            </method>
          </methods>
          <lines>
            <line number="10" hits="0" branch="False" />
            <line number="11" hits="0" branch="False" />
            <line number="12" hits="0" branch="False" />
            <line number="14" hits="0" branch="False" />
            <line number="15" hits="0" branch="False" />
            <line number="16" hits="0" branch="False" />
            <line number="18" hits="0" branch="False" />
            <line number="20" hits="0" branch="True" condition-coverage="0% (0/2)">
              <conditions>
                <condition number="58" type="jump" coverage="0%" />
              </conditions>
            </line>
            <line number="21" hits="0" branch="False" />
            <line number="22" hits="0" branch="False" />
            <line number="23" hits="0" branch="True" condition-coverage="0% (0/2)">
              <conditions>
                <condition number="187" type="jump" coverage="0%" />
              </conditions>
            </line>
            <line number="24" hits="0" branch="False" />
            <line number="25" hits="0" branch="False" />
            <line number="26" hits="0" branch="False" />
            <line number="27" hits="0" branch="False" />
            <line number="29" hits="0" branch="False" />
            <line number="30" hits="0" branch="False" />
            <line number="31" hits="0" branch="False" />
            <line number="32" hits="0" branch="False" />
          </lines>
        </class>
        <class name="FizzBuzz.Models.FizzBuzzModel" filename="Models\FizzBuzzModel.cs" line-rate="0.45" branch-rate="0" complexity="11">
          <methods>
            <method name="get_ValidationResult" signature="()" line-rate="1" branch-rate="1" complexity="1">
              <lines>
                <line number="7" hits="20" branch="False" />
              </lines>
            </method>
            <method name="get_Numbers" signature="()" line-rate="1" branch-rate="1" complexity="1">
              <lines>
                <line number="8" hits="10" branch="False" />
              </lines>
            </method>
            <method name="get_ConvertedResults" signature="()" line-rate="1" branch-rate="1" complexity="1">
              <lines>
                <line number="9" hits="13" branch="False" />
              </lines>
            </method>
            <method name="get_IsSuccess" signature="()" line-rate="1" branch-rate="1" complexity="1">
              <lines>
                <line number="10" hits="10" branch="False" />
              </lines>
            </method>
            <method name="GetErrorMessage" signature="()" line-rate="0" branch-rate="0" complexity="6">
              <lines>
                <line number="19" hits="0" branch="False" />
                <line number="20" hits="0" branch="True" condition-coverage="0% (0/6)">
                  <conditions>
                    <condition number="13" type="switch" coverage="0%" />
                  </conditions>
                </line>
                <line number="21" hits="0" branch="False" />
                <line number="22" hits="0" branch="False" />
                <line number="23" hits="0" branch="False" />
                <line number="24" hits="0" branch="False" />
                <line number="25" hits="0" branch="False" />
                <line number="26" hits="0" branch="False" />
                <line number="27" hits="0" branch="False" />
                <line number="28" hits="0" branch="False" />
                <line number="29" hits="0" branch="False" />
              </lines>
            </method>
            <method name=".ctor" signature="()" line-rate="1" branch-rate="1" complexity="1">
              <lines>
                <line number="12" hits="5" branch="False" />
                <line number="13" hits="5" branch="False" />
                <line number="14" hits="5" branch="False" />
                <line number="15" hits="5" branch="False" />
                <line number="16" hits="5" branch="False" />
              </lines>
            </method>
          </methods>
          <lines>
            <line number="7" hits="20" branch="False" />
            <line number="8" hits="10" branch="False" />
            <line number="9" hits="13" branch="False" />
            <line number="10" hits="10" branch="False" />
            <line number="19" hits="0" branch="False" />
            <line number="20" hits="0" branch="True" condition-coverage="0% (0/6)">
              <conditions>
                <condition number="13" type="switch" coverage="0%" />
              </conditions>
            </line>
            <line number="21" hits="0" branch="False" />
            <line number="22" hits="0" branch="False" />
            <line number="23" hits="0" branch="False" />
            <line number="24" hits="0" branch="False" />
            <line number="25" hits="0" branch="False" />
            <line number="26" hits="0" branch="False" />
            <line number="27" hits="0" branch="False" />
            <line number="28" hits="0" branch="False" />
            <line number="29" hits="0" branch="False" />
            <line number="12" hits="5" branch="False" />
            <line number="13" hits="5" branch="False" />
            <line number="14" hits="5" branch="False" />
            <line number="15" hits="5" branch="False" />
            <line number="16" hits="5" branch="False" />
          </lines>
        </class>
      </classes>
    </package>
  </packages>
</coverage>